Arguments: 
  /usr/bin/node /usr/bin/yarn add gh-pages

PATH: 
  /usr/local/bin:/usr/bin:/usr/local/sbin:/var/lib/flatpak/exports/bin:/usr/bin/site_perl:/usr/bin/vendor_perl:/usr/bin/core_perl

Yarn version: 
  1.22.19

Node version: 
  20.2.0

Platform: 
  linux x64

Trace: 
  AggregateError
      at internalConnectMultiple (node:net:1103:18)
      at internalConnectMultiple (node:net:1161:5)
      at internalConnectMultiple (node:net:1161:5)
      at internalConnectMultiple (node:net:1161:5)
      at internalConnectMultiple (node:net:1161:5)
      at internalConnectMultiple (node:net:1161:5)
      at internalConnectMultiple (node:net:1161:5)
      at internalConnectMultiple (node:net:1161:5)
      at internalConnectMultiple (node:net:1161:5)

npm manifest: 
  {
    "type": "module",
    "dependencies": {
      "axios": "^1.4.0",
      "body-parser": "^1.20.2",
      "express": "^4.18.2",
      "http-proxy-middleware": "^2.0.6"
    },
    "devDependencies": {
      "@types/body-parser": "^1.19.2",
      "@types/express": "^4.17.17"
    }
  }

yarn manifest: 
  No manifest

Lockfile: 
  No lockfile
